Server is running on port 3001
Server is running on port 3001
Server is running on port 3001
Server is running on port 3001
Server is running on port 3001
Server is running on port 3001
Server is running on port 3001
Server is running on port 3001
Server is running on port 3001
Server is running on port 1509
{
  id: '761230002922455091',
  username: 'whiteclue',
  avatar: '0bd5d46802ba5a6cc6de543aea4e296f',
  discriminator: '0',
  public_flags: 4194432,
  flags: 4194432,
  banner: null,
  accent_color: null,
  global_name: 'WhiteClue',
  avatar_decoration_data: null,
  banner_color: null,
  mfa_enabled: true,
  locale: 'en-GB',
  premium_type: 3,
  provider: 'discord',
  accessToken: '5jxUpDtNiKdiNHStdxQJkhKDdoAVnL',
  fetchedAt: '2023-08-24T15:21:32.132Z'
}
{
  id: '761230002922455091',
  username: 'whiteclue',
  avatar: '0bd5d46802ba5a6cc6de543aea4e296f',
  discriminator: '0',
  public_flags: 4194432,
  flags: 4194432,
  banner: null,
  accent_color: null,
  global_name: 'WhiteClue',
  avatar_decoration_data: null,
  banner_color: null,
  mfa_enabled: true,
  locale: 'en-GB',
  premium_type: 3,
  provider: 'discord',
  accessToken: '5jxUpDtNiKdiNHStdxQJkhKDdoAVnL',
  fetchedAt: '2023-08-24T15:21:32.132Z'
}
{
  id: '761230002922455091',
  username: 'whiteclue',
  avatar: '0bd5d46802ba5a6cc6de543aea4e296f',
  discriminator: '0',
  public_flags: 4194432,
  flags: 4194432,
  banner: null,
  accent_color: null,
  global_name: 'WhiteClue',
  avatar_decoration_data: null,
  banner_color: null,
  mfa_enabled: true,
  locale: 'en-GB',
  premium_type: 3,
  provider: 'discord',
  accessToken: '5jxUpDtNiKdiNHStdxQJkhKDdoAVnL',
  fetchedAt: '2023-08-24T15:21:32.132Z'
}
{
  id: '761230002922455091',
  username: 'whiteclue',
  avatar: '0bd5d46802ba5a6cc6de543aea4e296f',
  discriminator: '0',
  public_flags: 4194432,
  flags: 4194432,
  banner: null,
  accent_color: null,
  global_name: 'WhiteClue',
  avatar_decoration_data: null,
  banner_color: null,
  mfa_enabled: true,
  locale: 'en-GB',
  premium_type: 3,
  provider: 'discord',
  accessToken: '5jxUpDtNiKdiNHStdxQJkhKDdoAVnL',
  fetchedAt: '2023-08-24T15:21:32.132Z'
}
{
  id: '761230002922455091',
  username: 'whiteclue',
  avatar: '0bd5d46802ba5a6cc6de543aea4e296f',
  discriminator: '0',
  public_flags: 4194432,
  flags: 4194432,
  banner: null,
  accent_color: null,
  global_name: 'WhiteClue',
  avatar_decoration_data: null,
  banner_color: null,
  mfa_enabled: true,
  locale: 'en-GB',
  premium_type: 3,
  provider: 'discord',
  accessToken: '5jxUpDtNiKdiNHStdxQJkhKDdoAVnL',
  fetchedAt: '2023-08-24T15:21:32.132Z'
}
Server is running on port 1509
{
  id: '761230002922455091',
  username: 'whiteclue',
  avatar: '0bd5d46802ba5a6cc6de543aea4e296f',
  discriminator: '0',
  public_flags: 4194432,
  flags: 4194432,
  banner: null,
  accent_color: null,
  global_name: 'WhiteClue',
  avatar_decoration_data: null,
  banner_color: null,
  mfa_enabled: true,
  locale: 'en-GB',
  premium_type: 3,
  provider: 'discord',
  accessToken: '5jxUpDtNiKdiNHStdxQJkhKDdoAVnL',
  fetchedAt: '2023-08-24T15:27:20.428Z'
}
{
  id: '761230002922455091',
  username: 'whiteclue',
  avatar: '0bd5d46802ba5a6cc6de543aea4e296f',
  discriminator: '0',
  public_flags: 4194432,
  flags: 4194432,
  banner: null,
  accent_color: null,
  global_name: 'WhiteClue',
  avatar_decoration_data: null,
  banner_color: null,
  mfa_enabled: true,
  locale: 'en-GB',
  premium_type: 3,
  provider: 'discord',
  accessToken: '5jxUpDtNiKdiNHStdxQJkhKDdoAVnL',
  fetchedAt: '2023-08-24T15:27:20.428Z'
}
Server is running on port 1509
{
  id: '761230002922455091',
  username: 'whiteclue',
  avatar: '0bd5d46802ba5a6cc6de543aea4e296f',
  discriminator: '0',
  public_flags: 4194432,
  flags: 4194432,
  banner: null,
  accent_color: null,
  global_name: 'WhiteClue',
  avatar_decoration_data: null,
  banner_color: null,
  mfa_enabled: true,
  locale: 'en-GB',
  premium_type: 3,
  provider: 'discord',
  accessToken: '5jxUpDtNiKdiNHStdxQJkhKDdoAVnL',
  fetchedAt: '2023-08-24T15:32:12.103Z'
}
{
  id: '761230002922455091',
  username: 'whiteclue',
  avatar: '0bd5d46802ba5a6cc6de543aea4e296f',
  discriminator: '0',
  public_flags: 4194432,
  flags: 4194432,
  banner: null,
  accent_color: null,
  global_name: 'WhiteClue',
  avatar_decoration_data: null,
  banner_color: null,
  mfa_enabled: true,
  locale: 'en-GB',
  premium_type: 3,
  provider: 'discord',
  accessToken: '5jxUpDtNiKdiNHStdxQJkhKDdoAVnL',
  fetchedAt: '2023-08-24T15:32:12.103Z'
}
{
  id: '761230002922455091',
  username: 'whiteclue',
  avatar: '0bd5d46802ba5a6cc6de543aea4e296f',
  discriminator: '0',
  public_flags: 4194432,
  flags: 4194432,
  banner: null,
  accent_color: null,
  global_name: 'WhiteClue',
  avatar_decoration_data: null,
  banner_color: null,
  mfa_enabled: true,
  locale: 'en-GB',
  premium_type: 3,
  provider: 'discord',
  accessToken: '5jxUpDtNiKdiNHStdxQJkhKDdoAVnL',
  fetchedAt: '2023-08-24T16:04:32.806Z'
}
{
  id: '761230002922455091',
  username: 'whiteclue',
  avatar: '0bd5d46802ba5a6cc6de543aea4e296f',
  discriminator: '0',
  public_flags: 4194432,
  flags: 4194432,
  banner: null,
  accent_color: null,
  global_name: 'WhiteClue',
  avatar_decoration_data: null,
  banner_color: null,
  mfa_enabled: true,
  locale: 'en-GB',
  premium_type: 3,
  provider: 'discord',
  accessToken: '5jxUpDtNiKdiNHStdxQJkhKDdoAVnL',
  fetchedAt: '2023-08-24T16:04:32.806Z'
}
{
  id: '761230002922455091',
  username: 'whiteclue',
  avatar: '0bd5d46802ba5a6cc6de543aea4e296f',
  discriminator: '0',
  public_flags: 4194432,
  flags: 4194432,
  banner: null,
  accent_color: null,
  global_name: 'WhiteClue',
  avatar_decoration_data: null,
  banner_color: null,
  mfa_enabled: true,
  locale: 'en-GB',
  premium_type: 3,
  provider: 'discord',
  accessToken: '5jxUpDtNiKdiNHStdxQJkhKDdoAVnL',
  fetchedAt: '2023-08-24T16:04:32.806Z'
}
{
  id: '761230002922455091',
  username: 'whiteclue',
  avatar: '0bd5d46802ba5a6cc6de543aea4e296f',
  discriminator: '0',
  public_flags: 4194432,
  flags: 4194432,
  banner: null,
  accent_color: null,
  global_name: 'WhiteClue',
  avatar_decoration_data: null,
  banner_color: null,
  mfa_enabled: true,
  locale: 'en-GB',
  premium_type: 3,
  provider: 'discord',
  accessToken: '5jxUpDtNiKdiNHStdxQJkhKDdoAVnL',
  fetchedAt: '2023-08-24T16:04:32.806Z'
}
{
  id: '761230002922455091',
  username: 'whiteclue',
  avatar: '0bd5d46802ba5a6cc6de543aea4e296f',
  discriminator: '0',
  public_flags: 4194432,
  flags: 4194432,
  banner: null,
  accent_color: null,
  global_name: 'WhiteClue',
  avatar_decoration_data: null,
  banner_color: null,
  mfa_enabled: true,
  locale: 'en-GB',
  premium_type: 3,
  provider: 'discord',
  accessToken: '5jxUpDtNiKdiNHStdxQJkhKDdoAVnL',
  fetchedAt: '2023-08-24T16:04:32.806Z'
}
{
  id: '761230002922455091',
  username: 'whiteclue',
  avatar: '0bd5d46802ba5a6cc6de543aea4e296f',
  discriminator: '0',
  public_flags: 4194432,
  flags: 4194432,
  banner: null,
  accent_color: null,
  global_name: 'WhiteClue',
  avatar_decoration_data: null,
  banner_color: null,
  mfa_enabled: true,
  locale: 'en-GB',
  premium_type: 3,
  provider: 'discord',
  accessToken: '5jxUpDtNiKdiNHStdxQJkhKDdoAVnL',
  fetchedAt: '2023-08-24T16:04:32.806Z'
}
{
  id: '761230002922455091',
  username: 'whiteclue',
  avatar: '0bd5d46802ba5a6cc6de543aea4e296f',
  discriminator: '0',
  public_flags: 4194432,
  flags: 4194432,
  banner: null,
  accent_color: null,
  global_name: 'WhiteClue',
  avatar_decoration_data: null,
  banner_color: null,
  mfa_enabled: true,
  locale: 'en-GB',
  premium_type: 3,
  provider: 'discord',
  accessToken: '5jxUpDtNiKdiNHStdxQJkhKDdoAVnL',
  fetchedAt: '2023-08-24T16:04:32.806Z'
}
